C51 COMPILER V9.60.0.0   APP                                                               01/08/2020 15:17:05 PAGE 1   


C51 COMPILER V9.60.0.0, COMPILATION OF MODULE APP
OBJECT MODULE PLACED IN ..\Objects\app.obj
COMPILER INVOKED BY: F:\Keil_v5\C51\BIN\C51.EXE app.c OPTIMIZE(8,SPEED) BROWSE INCDIR(..\USER;..\HARDWARE\ccp;..\HARDWAR
                    -E\djiReceiver_dr16;..\HARDWARE\timer1;..\HARDWARE\uart1;..\HARDWARE\uart2;..\HARDWARE\uart3;..\HARDWARE\TableTennisDevic
                    -e;..\HARDWARE\ModbusCRC16) DEBUG OBJECTEXTEND PRINT(..\Listings\app.lst) TABS(2) OBJECT(..\Objects\app.obj)

line level    source

   1          #include "appconf.h"
   2          
   3          
   4          uint16_t G_dr16_ch0_value = 0;
   5          uint16_t G_dr16_ch1_value = 0;
   6          uint16_t G_dr16_ch2_value = 0;
   7          uint16_t G_dr16_ch3_value = 0;
   8          
   9          extern uint8_t uSysFlag[2];
  10          
  11          
  12          void Delay1000ms()    //@24.000MHz
  13          {
  14   1        unsigned char i, j, k;
  15   1      
  16   1        _nop_();
  17   1        _nop_();
  18   1        i = 122;
  19   1        j = 193;
  20   1        k = 128;
  21   1        do
  22   1        {
  23   2          do
  24   2          {
  25   3            while (--k);
  26   3          } while (--j);
  27   2        } while (--i);
  28   1      }
  29          
  30          
  31          void main(void)
  32          {
  33   1        Uart1Init();
  34   1        Timer0Init();
  35   1        Uart2Init();
  36   1          
  37   1        Delay1000ms();
  38   1        uSysFlag[1] = GET_WheelMode_Port;
  39   1        Delay1000ms();
  40   1        EA=1;
  41   1        while(1)
  42   1        {
  43   2          //vGetAngleInfo();
  44   2          if(bDelayTimeFlag == Enable && uSysFlag[0]==Enable)
  45   2          {
  46   3            vGetAngleInfo();
  47   3            uSysFlag[0] = Disable;
  48   3            bDelayTimeFlag = Disable;
  49   3            config_RECEIVE_ENBALE_FLAG;                                                                            
             -                                                                                                                        
             -                                                                                                                        
             -                                                                                                                        
             -                                                                                                                        
C51 COMPILER V9.60.0.0   APP                                                               01/08/2020 15:17:05 PAGE 2   

             -                                                                                                                        
             -                                                                                                                        
             -                                                                                                                        
             -     
  50   3          }   
  51   2        }
  52   1      }


MODULE INFORMATION:   STATIC OVERLAYABLE
   CODE SIZE        =     59    ----
   CONSTANT SIZE    =   ----    ----
   XDATA SIZE       =   ----    ----
   PDATA SIZE       =   ----    ----
   DATA SIZE        =      8    ----
   IDATA SIZE       =   ----    ----
   BIT SIZE         =   ----    ----
END OF MODULE INFORMATION.


C51 COMPILATION COMPLETE.  0 WARNING(S),  0 ERROR(S)
