C51 COMPILER V9.60.0.0   TIMER1                                                            01/02/2020 14:18:48 PAGE 1   


C51 COMPILER V9.60.0.0, COMPILATION OF MODULE TIMER1
OBJECT MODULE PLACED IN ..\Objects\timer1.obj
COMPILER INVOKED BY: F:\Keil_v5\C51\BIN\C51.EXE ..\HARDWARE\timer1\timer1.c OPTIMIZE(8,SPEED) BROWSE INCDIR(..\USER;..\H
                    -ARDWARE\ccp;..\HARDWARE\djiReceiver_dr16;..\HARDWARE\timer1;..\HARDWARE\uart1;..\HARDWARE\uart2;..\HARDWARE\uart3;..\HAR
                    -DWARE\TableTennisDevice;..\HARDWARE\ModbusCRC16) DEBUG OBJECTEXTEND PRINT(..\Listings\timer1.lst) OBJECT(..\Objects\time
                    -r1.obj)

line level    source

   1          #include "timer1.h"
   2          
   3          #if configUSE_TIMER1_MODE
   4          bit  bDelayTimeFlag=0;
   5          
   6          //65536-24/1000
   7          
   8          void Timer0Init(void)           //1毫秒@24.000MHz
   9          {
  10   1              AUXR |= 0x80;           //定时器时钟1T模式
  11   1              TMOD &= 0xF0;           //设置定时器模式
  12   1              TL0 = 0x40;             //设置定时初值
  13   1              TH0 = 0xA2;             //设置定时初值
  14   1              TF0 = 0;                //清除TF0标志
  15   1              TR0 = 1;                //定时器0开始计时
  16   1          ET0 = 1;                                    //使能定时器中断
  17   1       //   EA = 1;
  18   1      }
  19          
  20          
  21          
  22          
  23          uint16_t Time1_50ms=0;
  24          uint16_t Time1_500ms=0;
  25          void Timer1() interrupt 1
  26          {
  27   1              TL0 = 0x40;             //设置定时初值
  28   1              TH0 = 0xA2;             //设置定时初值
  29   1              
  30   1              if(++Time1_50ms==50)
  31   1              {
  32   2                      Time1_50ms = 0;
  33   2                      bDelayTimeFlag = Enable;
  34   2              }
  35   1              if(++Time1_500ms == 500)
  36   1              {
  37   2                      Time1_500ms = 0;
  38   2                      P34 = ~P34;             
  39   2              }
  40   1              TF0=0;
  41   1      }
  42          
  43          #endif


MODULE INFORMATION:   STATIC OVERLAYABLE
   CODE SIZE        =     92    ----
   CONSTANT SIZE    =   ----    ----
   XDATA SIZE       =   ----    ----
   PDATA SIZE       =   ----    ----
   DATA SIZE        =      4    ----
   IDATA SIZE       =   ----    ----
C51 COMPILER V9.60.0.0   TIMER1                                                            01/02/2020 14:18:48 PAGE 2   

   BIT SIZE         =      1    ----
END OF MODULE INFORMATION.


C51 COMPILATION COMPLETE.  0 WARNING(S),  0 ERROR(S)
