C51 COMPILER V9.60.0.0   APP                                                               01/02/2020 12:39:45 PAGE 1   


C51 COMPILER V9.60.0.0, COMPILATION OF MODULE APP
OBJECT MODULE PLACED IN ..\Objects\app.obj
COMPILER INVOKED BY: F:\Keil_v5\C51\BIN\C51.EXE app.c OPTIMIZE(8,SPEED) BROWSE INCDIR(..\USER;..\HARDWARE\ccp;..\HARDWAR
                    -E\djiReceiver_dr16;..\HARDWARE\timer1;..\HARDWARE\uart1;..\HARDWARE\uart2;..\HARDWARE\uart3;..\HARDWARE\TableTennisDevic
                    -e;..\HARDWARE\ModbusCRC16) DEBUG OBJECTEXTEND PRINT(..\Listings\app.lst) OBJECT(..\Objects\app.obj)

line level    source

   1          #include "appconf.h"
   2          #define MotorMode P17
   3          
   4          uint16_t G_dr16_ch0_value = 0;
   5          uint16_t G_dr16_ch1_value = 0;
   6          uint16_t G_dr16_ch2_value = 0;
   7          uint16_t G_dr16_ch3_value = 0;
   8          
   9          extern uint8_t flag;
  10          
  11          
  12          void Delay1000ms()              //@24.000MHz
  13          {
  14   1              unsigned char i, j, k;
  15   1      
  16   1              _nop_();
  17   1              _nop_();
  18   1              i = 122;
  19   1              j = 193;
  20   1              k = 128;
  21   1              do
  22   1              {
  23   2                      do
  24   2                      {
  25   3                              while (--k);
  26   3                      } while (--j);
  27   2              } while (--i);
  28   1      }
  29          
  30          
  31          void main(void)
  32          {
  33   1              Uart1Init();
  34   1              Timer0Init();
  35   1              Uart2Init();
  36   1                      EA=1;
  37   1              Delay1000ms();
  38   1              Delay1000ms();
  39   1              while(1)
  40   1              {
  41   2                      //vGetAngleInfo();
  42   2                      if(UsartFlag == Enable && flag==Enable)
  43   2                      {
  44   3                              vGetAngleInfo();
  45   3                              flag = Disable;
  46   3                              UsartFlag = Disable;
  47   3                              config_RECEIVE_ENBALE_FLAG;                                                                            
             -                                                                                                                        
             -                                                                                                                        
             -                                                                                                                        
             -                                                                                                                        
             -                                                                                                                        
             -                                                                                                                        
C51 COMPILER V9.60.0.0   APP                                                               01/02/2020 12:39:45 PAGE 2   

             -                                                                                                                        
             -     
  48   3                      }               
  49   2              }
  50   1      }


MODULE INFORMATION:   STATIC OVERLAYABLE
   CODE SIZE        =     53    ----
   CONSTANT SIZE    =   ----    ----
   XDATA SIZE       =   ----    ----
   PDATA SIZE       =   ----    ----
   DATA SIZE        =      8    ----
   IDATA SIZE       =   ----    ----
   BIT SIZE         =   ----    ----
END OF MODULE INFORMATION.


C51 COMPILATION COMPLETE.  0 WARNING(S),  0 ERROR(S)
