C51 COMPILER V9.60.0.0   TABLETENNISDEVICE                                                 01/01/2020 19:24:06 PAGE 1   


C51 COMPILER V9.60.0.0, COMPILATION OF MODULE TABLETENNISDEVICE
OBJECT MODULE PLACED IN ..\Objects\tabletennisdevice.obj
COMPILER INVOKED BY: F:\Keil_v5\C51\BIN\C51.EXE ..\HARDWARE\TableTennisDevice\tabletennisdevice.c OPTIMIZE(8,SPEED) BROW
                    -SE INCDIR(..\USER;..\HARDWARE\ccp;..\HARDWARE\djiReceiver_dr16;..\HARDWARE\timer1;..\HARDWARE\uart1;..\HARDWARE\uart2;..
                    -\HARDWARE\uart3;..\HARDWARE\TableTennisDevice;..\HARDWARE\ModbusCRC16) DEBUG OBJECTEXTEND PRINT(..\Listings\tabletennisd
                    -evice.lst) OBJECT(..\Objects\tabletennisdevice.obj)

line level    source

   1          #include "tabletennisdevice.h"
*** WARNING C318 IN LINE 5 OF ..\HARDWARE\uart3\uart3.h: can't open file 'pbdata.h'
*** ERROR C141 IN LINE 10 OF ..\HARDWARE\uart3\uart3.h: syntax error near '*', expected ')'
*** ERROR C141 IN LINE 12 OF ..\HARDWARE\TableTennisDevice\tabletennisdevice.h: syntax error near '_angle', expected ')'
   2          
   3          //FF090100FF·¢ÅÚ
   4          void Artillery_Cmd(void)
   5          {
   6   1              u8 _able[5];
*** ERROR C202 IN LINE 6 OF ..\HARDWARE\TableTennisDevice\tabletennisdevice.c: 'u8': undefined identifier
*** ERROR C141 IN LINE 6 OF ..\HARDWARE\TableTennisDevice\tabletennisdevice.c: syntax error near '_able', expected ';'
   7   1              _able[0]=0XFF;
*** ERROR C202 IN LINE 7 OF ..\HARDWARE\TableTennisDevice\tabletennisdevice.c: '_able': undefined identifier
   8   1              _able[1]=0X09;
*** ERROR C202 IN LINE 8 OF ..\HARDWARE\TableTennisDevice\tabletennisdevice.c: '_able': undefined identifier
   9   1              _able[2]=0X01;
*** ERROR C202 IN LINE 9 OF ..\HARDWARE\TableTennisDevice\tabletennisdevice.c: '_able': undefined identifier
  10   1              _able[3]=0X00;
*** ERROR C202 IN LINE 10 OF ..\HARDWARE\TableTennisDevice\tabletennisdevice.c: '_able': undefined identifier
  11   1              _able[4]=0XFF;
*** ERROR C202 IN LINE 11 OF ..\HARDWARE\TableTennisDevice\tabletennisdevice.c: '_able': undefined identifier
  12   1              Uart3SendStrLen(_able,5);
*** ERROR C202 IN LINE 12 OF ..\HARDWARE\TableTennisDevice\tabletennisdevice.c: '_able': undefined identifier
  13   1      }
  14          //FF0107xxFF¿ØÖÆ¶æ»ú
  15          void SteeringEngineAngle(u8 _angle)
*** ERROR C141 IN LINE 15 OF ..\HARDWARE\TableTennisDevice\tabletennisdevice.c: syntax error near '_angle', expected ')'
  16          {
  17   1              u8 _able[5];
*** ERROR C141 IN LINE 17 OF ..\HARDWARE\TableTennisDevice\tabletennisdevice.c: syntax error near '_able', expected ';'
*** ERROR C202 IN LINE 17 OF ..\HARDWARE\TableTennisDevice\tabletennisdevice.c: '_able': undefined identifier
  18   1              _able[0]=0XFF;
*** ERROR C202 IN LINE 18 OF ..\HARDWARE\TableTennisDevice\tabletennisdevice.c: '_able': undefined identifier
  19   1              _able[1]=0X01;
*** ERROR C202 IN LINE 19 OF ..\HARDWARE\TableTennisDevice\tabletennisdevice.c: '_able': undefined identifier
  20   1              _able[2]=0X07;
*** ERROR C202 IN LINE 20 OF ..\HARDWARE\TableTennisDevice\tabletennisdevice.c: '_able': undefined identifier
  21   1              _able[3]=_angle;
*** ERROR C202 IN LINE 21 OF ..\HARDWARE\TableTennisDevice\tabletennisdevice.c: '_able': undefined identifier
  22   1              _able[4]=0XFF;
*** ERROR C202 IN LINE 22 OF ..\HARDWARE\TableTennisDevice\tabletennisdevice.c: '_able': undefined identifier
  23   1              Uart3SendStrLen(_able,5);
*** ERROR C202 IN LINE 23 OF ..\HARDWARE\TableTennisDevice\tabletennisdevice.c: '_able': undefined identifier
  24   1      }

C51 COMPILATION COMPLETE.  1 WARNING(S),  19 ERROR(S)
